<?xml version="1.0" encoding="UTF-8"?>
<!-- Generated by org.testng.reporters.JUnitXMLReporter -->
<testsuite ignored="0" hostname="MusaKalim" failures="1" tests="1" name="Default test" time="3.083" errors="0" timestamp="17 May 2023 03:37:10 GMT">
  <testcase classname="io.cucumber.testng.AbstractTestNGCucumberTests" name="runScenario" time="2.69">
    <failure type="java.lang.NullPointerException" message="Cannot invoke &amp;quot;luma.nyc.elementspage.LumaPageFactory.getClickSigninButtion()&amp;quot; because &amp;quot;this.pf&amp;quot; is null">
      <![CDATA[java.lang.NullPointerException: Cannot invoke "luma.nyc.elementspage.LumaPageFactory.getClickSigninButtion()" because "this.pf" is null
at luma.nyc.stepdefinitions.LumaStepDef.user_able_to_click_on_sign_in_button(LumaStepDef.java:33)
at ✽.User able to click on Sign In button(file:///C:/Users/mkmfr/eclipse-workspace/Luma_Framework_Fahim/./Features/LumaLogin.feature:7)
]]>
    </failure>
  </testcase> <!-- runScenario -->
</testsuite> <!-- Default test -->
