<?xml version="1.0" encoding="UTF-8"?>
<!-- Generated by org.testng.reporters.JUnitXMLReporter -->
<testsuite ignored="0" hostname="MusaKalim" failures="1" tests="1" name="Nopackage" time="0.599" errors="0" timestamp="16 May 2023 08:35:02 GMT">
  <testcase classname="io.cucumber.testng.AbstractTestNGCucumberTests" name="runScenario" time="0.189">
    <failure type="java.lang.NullPointerException" message="Cannot invoke &amp;quot;org.openqa.selenium.WebDriver.get(String)&amp;quot; because &amp;quot;this.driver&amp;quot; is null">
      <![CDATA[java.lang.NullPointerException: Cannot invoke "org.openqa.selenium.WebDriver.get(String)" because "this.driver" is null
at luma.nyc.stepdefinitions.LumaStepDef.navigate_to_url(LumaStepDef.java:11)
at ✽.Navigate to url 'https://magento.softwaretestingboard.com/'(file:///C:/Users/mkmfr/eclipse-workspace/Luma_Framework_Fahim/./Features/LumaLogin.feature:6)
]]>
    </failure>
  </testcase> <!-- runScenario -->
</testsuite> <!-- Nopackage -->
