<?xml version="1.0" encoding="UTF-8"?>
<!-- Generated by org.testng.reporters.JUnitXMLReporter -->
<testsuite ignored="0" hostname="MusaKalim" failures="1" tests="1" name="Nopackage" time="3.405" errors="0" timestamp="19 Jun 2023 02:51:33 GMT">
  <testcase classname="io.cucumber.testng.AbstractTestNGCucumberTests" name="runScenario" time="2.947">
    <failure type="java.lang.NullPointerException" message="Cannot invoke &amp;quot;luma.nyc.elementspage.LumaPageFactory.getLoginDone()&amp;quot; because &amp;quot;this.lpf&amp;quot; is null">
      <![CDATA[java.lang.NullPointerException: Cannot invoke "luma.nyc.elementspage.LumaPageFactory.getLoginDone()" because "this.lpf" is null
at luma.nyc.hooks.Hooks.setUp(Hooks.java:16)
]]>
    </failure>
  </testcase> <!-- runScenario -->
</testsuite> <!-- Nopackage -->
