<?xml version="1.0" encoding="UTF-8"?>
<testsuite xmlns:xsi="http://www.w3.org/2001/XMLSchema-instance" xsi:noNamespaceSchemaLocation="https://maven.apache.org/surefire/maven-surefire-plugin/xsd/surefire-test-report-3.0.xsd" version="3.0" name="TestSuite" time="3.839" tests="1" errors="0" skipped="0" failures="1">
  <properties>
[...]
</properties>
  <testcase name="runScenario[&quot;User can login to the application with valid credentials and purchase the specific men&apos;s jacket.&quot;, &quot;Optional[valid user can purchase the men jacket.]&quot;](1)" classname="luma.nyc.myrunner.LumaRunner" time="2.961">
    <failure message="Cannot invoke &quot;luma.nyc.elementspage.LumaPageFactory.getLoginDone()&quot; because &quot;this.lpf&quot; is null" type="java.lang.NullPointerException"><![CDATA[java.lang.NullPointerException: Cannot invoke "luma.nyc.elementspage.LumaPageFactory.getLoginDone()" because "this.lpf" is null
]]></failure>
    <system-out><![CDATA[
@smoke
Scenario Outline: User can login to the application with valid credentials and purchase the specific men's jacket. &amp#27;[90m# Features/LumaLogin.feature:23&amp#27;[0m
      &amp#27;[31mjava.lang.NullPointerException: Cannot invoke "luma.nyc.elementspage.LumaPageFactory.getLoginDone()" because "this.lpf" is null
	at luma.nyc.hooks.Hooks.setUp(Hooks.java:16)
&amp#27;[0m
  &amp#27;[36mGiven &amp#27;[0m&amp#27;[36mUser already logged in the application and verify the user information on the landing page&amp#27;[0m                 &amp#27;[90m# luma.nyc.stepdefinitions.LumaStepDef.user_already_logged_in_the_application_and_verify_the_user_information_on_the_landing_page()&amp#27;[0m
  &amp#27;[36mWhen &amp#27;[0m&amp#27;[36mUser should be able to select jacket from men module&amp#27;[0m                                                        &amp#27;[90m# luma.nyc.stepdefinitions.LumaStepDef.user_should_be_able_to_select_jacket_from_men_module()&amp#27;[0m
  &amp#27;[36mAnd &amp#27;[0m&amp#27;[36mVerify the jacket name on the &amp#27;[0m&amp#27;[36m&amp#27;[1m"Jupiter All-Weather Trainer"&amp#27;[0m&amp#27;[36m list&amp#27;[0m                                             &amp#27;[90m# luma.nyc.stepdefinitions.LumaStepDef.verify_the_jacket_name_on_the_list(java.lang.String)&amp#27;[0m
  &amp#27;[36mAnd &amp#27;[0m&amp#27;[36mUser should be able to select the &amp#27;[0m&amp#27;[36m&amp#27;[1m"S"&amp#27;[0m&amp#27;[36m and &amp#27;[0m&amp#27;[36m&amp#27;[1m"Blue"&amp#27;[0m&amp#27;[36m and &amp#27;[0m&amp#27;[36m&amp#27;[1m"1"&amp#27;[0m&amp#27;[36m then click on the add to cart&amp#27;[0m                       &amp#27;[90m# luma.nyc.stepdefinitions.LumaStepDef.user_should_be_able_to_select_the_and_and_then_click_on_the_add_to_cart(java.lang.String,java.lang.String,java.lang.String)&amp#27;[0m
  &amp#27;[36mAnd &amp#27;[0m&amp#27;[36mUser should be able to click on the cart&amp#27;[0m                                                                     &amp#27;[90m# luma.nyc.stepdefinitions.LumaStepDef.user_should_be_able_to_click_on_the_cart()&amp#27;[0m
  &amp#27;[36mAnd &amp#27;[0m&amp#27;[36mUser should be able to click on the checkout&amp#27;[0m                                                                 &amp#27;[90m# luma.nyc.stepdefinitions.LumaStepDef.user_should_be_able_to_click_on_the_checkout()&amp#27;[0m
  &amp#27;[36mAnd &amp#27;[0m&amp#27;[36mUser should be able to enter the shipping details and click on the Next&amp#27;[0m                                      &amp#27;[90m# luma.nyc.stepdefinitions.LumaStepDef.user_should_be_able_to_enter_the_shipping_details_and_click_on_the_next()&amp#27;[0m
  &amp#27;[36mAnd &amp#27;[0m&amp#27;[36mUser should be able to verify the shipping address and place the order&amp#27;[0m                                       &amp#27;[90m# luma.nyc.stepdefinitions.LumaStepDef.user_should_be_able_to_verify_the_shipping_address_and_place_the_order()&amp#27;[0m
  &amp#27;[36mThen &amp#27;[0m&amp#27;[36mUser should be able to verify the order number and get text on the screen &amp#27;[0m&amp#27;[36m&amp#27;[1m"Thank you for your purchase!"&amp#27;[0m    &amp#27;[90m# luma.nyc.stepdefinitions.LumaStepDef.user_should_be_able_to_verify_the_order_number_and_get_text_on_the_screen(java.lang.String)&amp#27;[0m
]]></system-out>
    <system-err><![CDATA[log4j:WARN No appenders could be found for logger (io.github.bonigarcia.wdm.cache.ResolutionCache).
log4j:WARN Please initialize the log4j system properly.
log4j:WARN See http://logging.apache.org/log4j/1.2/faq.html#noconfig for more info.
Starting ChromeDriver 114.0.5735.90 (386bc09e8f4f2e025eddae123f36f6263096ae49-refs/branch-heads/5735@{#1052}) on port 31141
Only local connections are allowed.
Please see https://chromedriver.chromium.org/security-considerations for suggestions on keeping ChromeDriver safe.
ChromeDriver was started successfully.
Jun 18, 2023 10:51:31 PM org.openqa.selenium.remote.ProtocolHandshake createSession
INFO: Detected dialect: W3C
]]></system-err>
  </testcase>
</testsuite>