<?xml version="1.0" encoding="UTF-8"?>
<testng-results ignored="0" total="1" passed="1" failed="0" skipped="0">
  <reporter-output>
  </reporter-output>
  <suite started-at="2023-05-17T05:14:51Z" name="Suite1" finished-at="2023-05-17T05:15:11Z" duration-ms="19867">
    <groups>
      <group name="cucumber">
        <method signature="AbstractTestNGCucumberTests.runScenario(io.cucumber.testng.PickleWrapper, io.cucumber.testng.FeatureWrapper)[pri:0, instance:luma.nyc.myrunner.LumaRunner@76f2bbc1]" name="runScenario" class="io.cucumber.testng.AbstractTestNGCucumberTests"/>
      </group> <!-- cucumber -->
    </groups>
    <test started-at="2023-05-17T05:14:51Z" name="Nopackage" finished-at="2023-05-17T05:15:11Z" duration-ms="19867">
      <class name="luma.nyc.myrunner.LumaRunner">
        <test-method is-config="true" signature="setUpClass()[pri:0, instance:luma.nyc.myrunner.LumaRunner@76f2bbc1]" started-at="2023-05-17T05:14:51Z" name="setUpClass" finished-at="2023-05-17T05:14:51Z" duration-ms="505" status="PASS">
          <reporter-output>
          </reporter-output>
        </test-method> <!-- setUpClass -->
        <test-method signature="runScenario(io.cucumber.testng.PickleWrapper, io.cucumber.testng.FeatureWrapper)[pri:0, instance:luma.nyc.myrunner.LumaRunner@76f2bbc1]" started-at="2023-05-17T05:14:51Z" name="runScenario" description="Runs Cucumber Scenarios" data-provider="scenarios" finished-at="2023-05-17T05:15:11Z" duration-ms="19226" status="PASS">
          <params>
            <param index="0">
              <value>
                <![CDATA["User Able To Login with correct credentials"]]>
              </value>
            </param>
            <param index="1">
              <value>
                <![CDATA["Optional[Valid Users Able To Login]"]]>
              </value>
            </param>
          </params>
          <reporter-output>
          </reporter-output>
        </test-method> <!-- runScenario -->
        <test-method is-config="true" signature="tearDownClass()[pri:0, instance:luma.nyc.myrunner.LumaRunner@76f2bbc1]" started-at="2023-05-17T05:15:11Z" name="tearDownClass" finished-at="2023-05-17T05:15:11Z" duration-ms="115" status="PASS">
          <reporter-output>
          </reporter-output>
        </test-method> <!-- tearDownClass -->
      </class> <!-- luma.nyc.myrunner.LumaRunner -->
    </test> <!-- Nopackage -->
  </suite> <!-- Suite1 -->
</testng-results>
