<?xml version="1.0" encoding="UTF-8"?>
<testsuite xmlns:xsi="http://www.w3.org/2001/XMLSchema-instance" xsi:noNamespaceSchemaLocation="https://maven.apache.org/surefire/maven-surefire-plugin/xsd/surefire-test-report-3.0.xsd" version="3.0" name="TestSuite" time="20.334" tests="1" errors="0" skipped="0" failures="0">
  <properties>
[...]
</properties>
  <testcase name="runScenario[&quot;User Able To Login with correct credentials&quot;, &quot;Optional[Valid Users Able To Login]&quot;](1)" classname="luma.nyc.myrunner.LumaRunner" time="19.24">
    <system-out><![CDATA[
@Functional
Scenario: User Able To Login with correct credentials               &amp#27;[90m# Features/LumaLogin.feature:4&amp#27;[0m
  &amp#27;[32mGiven &amp#27;[0m&amp#27;[32mNavigate to url &amp#27;[0m&amp#27;[32m&amp#27;[1m'https://magento.softwaretestingboard.com/'&amp#27;[0m &amp#27;[90m# luma.nyc.stepdefinitions.LumaStepDef.navigate_to_url(java.lang.String)&amp#27;[0m
  &amp#27;[32mWhen &amp#27;[0m&amp#27;[32mUser able to click on Sign In button&amp#27;[0m                         &amp#27;[90m# luma.nyc.stepdefinitions.LumaStepDef.user_able_to_click_on_sign_in_button()&amp#27;[0m
Validation Text : Customer Login
  &amp#27;[32mThen &amp#27;[0m&amp#27;[32mVerify Customer Login text are available on the screen&amp#27;[0m       &amp#27;[90m# luma.nyc.stepdefinitions.LumaStepDef.verify_customer_login_text_are_available_on_the_screen()&amp#27;[0m
  &amp#27;[32mWhen &amp#27;[0m&amp#27;[32mEnter correct email address and password&amp#27;[0m                     &amp#27;[90m# luma.nyc.stepdefinitions.LumaStepDef.enter_correct_email_address_and_password()&amp#27;[0m
  &amp#27;[32mAnd &amp#27;[0m&amp#27;[32mClick &amp#27;[0m&amp#27;[32m&amp#27;[1m'login'&amp#27;[0m&amp#27;[32m button&amp#27;[0m                                          &amp#27;[90m# luma.nyc.stepdefinitions.LumaStepDef.click_button(java.lang.String)&amp#27;[0m
Validation Text : Welcome, Selenium ProjectUser!
  &amp#27;[32mThen &amp#27;[0m&amp#27;[32mVerify that &amp#27;[0m&amp#27;[32m&amp#27;[1m'Welcome, <Full Name>'&amp#27;[0m&amp#27;[32m is visible&amp#27;[0m                &amp#27;[90m# luma.nyc.stepdefinitions.LumaStepDef.verify_that_is_visible(java.lang.String)&amp#27;[0m
]]></system-out>
    <system-err><![CDATA[log4j:WARN No appenders could be found for logger (io.github.bonigarcia.wdm.cache.ResolutionCache).
log4j:WARN Please initialize the log4j system properly.
log4j:WARN See http://logging.apache.org/log4j/1.2/faq.html#noconfig for more info.
Starting ChromeDriver 113.0.5672.63 (0e1a4471d5ae5bf128b1bd8f4d627c8cbd55f70c-refs/branch-heads/5672@{#912}) on port 23128
Only local connections are allowed.
Please see https://chromedriver.chromium.org/security-considerations for suggestions on keeping ChromeDriver safe.
ChromeDriver was started successfully.
May 17, 2023 1:14:53 AM org.openqa.selenium.remote.ProtocolHandshake createSession
INFO: Detected dialect: W3C
]]></system-err>
  </testcase>
</testsuite>