-------------------------------------------------------------------------------
Test set: TestSuite
-------------------------------------------------------------------------------
Tests run: 1, Failures: 1, Errors: 0, Skipped: 0, Time elapsed: 3.839 s <<< FAILURE! - in TestSuite
luma.nyc.myrunner.LumaRunner.runScenario["User can login to the application with valid credentials and purchase the specific men's jacket.", "Optional[valid user can purchase the men jacket.]"](1)  Time elapsed: 2.961 s  <<< FAILURE!
java.lang.NullPointerException: Cannot invoke "luma.nyc.elementspage.LumaPageFactory.getLoginDone()" because "this.lpf" is null

