<?xml version="1.0" encoding="UTF-8"?>
<testng-results ignored="0" total="1" passed="0" failed="1" skipped="0">
  <reporter-output>
  </reporter-output>
  <suite started-at="2023-06-19T02:51:29Z" name="Suite1" finished-at="2023-06-19T02:51:33Z" duration-ms="3405">
    <groups>
      <group name="cucumber">
        <method signature="AbstractTestNGCucumberTests.runScenario(io.cucumber.testng.PickleWrapper, io.cucumber.testng.FeatureWrapper)[pri:0, instance:luma.nyc.myrunner.LumaRunner@6f27a732]" name="runScenario" class="io.cucumber.testng.AbstractTestNGCucumberTests"/>
      </group> <!-- cucumber -->
    </groups>
    <test started-at="2023-06-19T02:51:29Z" name="Nopackage" finished-at="2023-06-19T02:51:33Z" duration-ms="3405">
      <class name="luma.nyc.myrunner.LumaRunner">
        <test-method is-config="true" signature="setUpClass()[pri:0, instance:luma.nyc.myrunner.LumaRunner@6f27a732]" started-at="2023-06-19T02:51:29Z" name="setUpClass" finished-at="2023-06-19T02:51:30Z" duration-ms="368" status="PASS">
          <reporter-output>
          </reporter-output>
        </test-method> <!-- setUpClass -->
        <test-method signature="runScenario(io.cucumber.testng.PickleWrapper, io.cucumber.testng.FeatureWrapper)[pri:0, instance:luma.nyc.myrunner.LumaRunner@6f27a732]" started-at="2023-06-19T02:51:30Z" name="runScenario" description="Runs Cucumber Scenarios" data-provider="scenarios" finished-at="2023-06-19T02:51:33Z" duration-ms="2947" status="FAIL">
          <params>
            <param index="0">
              <value>
                <![CDATA["User can login to the application with valid credentials and purchase the specific men's jacket."]]>
              </value>
            </param>
            <param index="1">
              <value>
                <![CDATA["Optional[valid user can purchase the men jacket.]"]]>
              </value>
            </param>
          </params>
          <exception class="java.lang.NullPointerException">
            <message>
              <![CDATA[Cannot invoke "luma.nyc.elementspage.LumaPageFactory.getLoginDone()" because "this.lpf" is null]]>
            </message>
            <full-stacktrace>
              <![CDATA[java.lang.NullPointerException: Cannot invoke "luma.nyc.elementspage.LumaPageFactory.getLoginDone()" because "this.lpf" is null
at luma.nyc.hooks.Hooks.setUp(Hooks.java:16)
]]>
            </full-stacktrace>
          </exception> <!-- java.lang.NullPointerException -->
          <reporter-output>
          </reporter-output>
        </test-method> <!-- runScenario -->
        <test-method is-config="true" signature="tearDownClass()[pri:0, instance:luma.nyc.myrunner.LumaRunner@6f27a732]" started-at="2023-06-19T02:51:33Z" name="tearDownClass" finished-at="2023-06-19T02:51:33Z" duration-ms="71" status="PASS">
          <reporter-output>
          </reporter-output>
        </test-method> <!-- tearDownClass -->
      </class> <!-- luma.nyc.myrunner.LumaRunner -->
    </test> <!-- Nopackage -->
  </suite> <!-- Suite1 -->
</testng-results>
