<?xml version="1.0" encoding="UTF-8"?>
<testng-results ignored="0" total="1" passed="1" failed="0" skipped="0">
  <reporter-output>
  </reporter-output>
  <suite started-at="2023-06-19T05:33:38Z" name="Default suite" finished-at="2023-06-19T05:33:45Z" duration-ms="6922">
    <groups>
      <group name="cucumber">
        <method signature="AbstractTestNGCucumberTests.runScenario(io.cucumber.testng.PickleWrapper, io.cucumber.testng.FeatureWrapper)[pri:0, instance:luma.nyc.myrunner.LumaRunner@600b90df]" name="runScenario" class="io.cucumber.testng.AbstractTestNGCucumberTests"/>
      </group> <!-- cucumber -->
    </groups>
    <test started-at="2023-06-19T05:33:38Z" name="Default test" finished-at="2023-06-19T05:33:45Z" duration-ms="6922">
      <class name="luma.nyc.myrunner.LumaRunner">
        <test-method is-config="true" signature="setUpClass()[pri:0, instance:luma.nyc.myrunner.LumaRunner@600b90df]" started-at="2023-06-19T05:33:38Z" name="setUpClass" finished-at="2023-06-19T05:33:38Z" duration-ms="383" status="PASS">
          <reporter-output>
          </reporter-output>
        </test-method> <!-- setUpClass -->
        <test-method signature="runScenario(io.cucumber.testng.PickleWrapper, io.cucumber.testng.FeatureWrapper)[pri:0, instance:luma.nyc.myrunner.LumaRunner@600b90df]" started-at="2023-06-19T05:33:38Z" name="runScenario" description="Runs Cucumber Scenarios" data-provider="scenarios" finished-at="2023-06-19T05:33:44Z" duration-ms="6397" status="PASS">
          <params>
            <param index="0">
              <value>
                <![CDATA["User can login to the application with valid credentials and purchase the specific men's jacket."]]>
              </value>
            </param>
            <param index="1">
              <value>
                <![CDATA["Optional[valid user can purchase the men jacket.]"]]>
              </value>
            </param>
          </params>
          <reporter-output>
          </reporter-output>
        </test-method> <!-- runScenario -->
        <test-method is-config="true" signature="tearDownClass()[pri:0, instance:luma.nyc.myrunner.LumaRunner@600b90df]" started-at="2023-06-19T05:33:44Z" name="tearDownClass" finished-at="2023-06-19T05:33:45Z" duration-ms="122" status="PASS">
          <reporter-output>
          </reporter-output>
        </test-method> <!-- tearDownClass -->
      </class> <!-- luma.nyc.myrunner.LumaRunner -->
    </test> <!-- Default test -->
  </suite> <!-- Default suite -->
</testng-results>
