<?xml version="1.0" encoding="UTF-8"?>
<!-- Generated by org.testng.reporters.JUnitReportReporter -->
<testsuite hostname="MusaKalim" failures="0" tests="1" name="luma.nyc.myrunner.LumaRunner" time="2.690" errors="1" timestamp="17 May 2023 03:37:10 GMT" skipped="0">
  <testcase classname="luma.nyc.myrunner.LumaRunner" name="runScenario" time="2.690">
    <error message="Cannot invoke &quot;luma.nyc.elementspage.LumaPageFactory.getClickSigninButtion()&quot; because &quot;this.pf&quot; is null" type="java.lang.NullPointerException">
      <![CDATA[java.lang.NullPointerException: Cannot invoke "luma.nyc.elementspage.LumaPageFactory.getClickSigninButtion()" because "this.pf" is null
at luma.nyc.stepdefinitions.LumaStepDef.user_able_to_click_on_sign_in_button(LumaStepDef.java:33)
at ✽.User able to click on Sign In button(file:///C:/Users/mkmfr/eclipse-workspace/Luma_Framework_Fahim/./Features/LumaLogin.feature:7)
]]>
    </error>
  </testcase> <!-- runScenario -->
</testsuite> <!-- luma.nyc.myrunner.LumaRunner -->
